CRITICAL - 2022-06-03 09:58:11 --> Class 'Teste' not found
#0 C:\wamp\www\ci4\system\CodeIgniter.php(832): App\Controllers\Home->index()
#1 C:\wamp\www\ci4\system\CodeIgniter.php(419): CodeIgniter\CodeIgniter->runController(Object(App\Controllers\Home))
#2 C:\wamp\www\ci4\system\CodeIgniter.php(326): CodeIgniter\CodeIgniter->handleRequest(NULL, Object(Config\Cache), false)
#3 C:\wamp\www\ci4\public\index.php(37): CodeIgniter\CodeIgniter->run()
#4 {main}
CRITICAL - 2022-06-03 09:58:54 --> Class 'Teste' not found
#0 C:\wamp\www\ci4\system\CodeIgniter.php(832): App\Controllers\Home->index()
#1 C:\wamp\www\ci4\system\CodeIgniter.php(419): CodeIgniter\CodeIgniter->runController(Object(App\Controllers\Home))
#2 C:\wamp\www\ci4\system\CodeIgniter.php(326): CodeIgniter\CodeIgniter->handleRequest(NULL, Object(Config\Cache), false)
#3 C:\wamp\www\ci4\public\index.php(37): CodeIgniter\CodeIgniter->run()
#4 {main}
CRITICAL - 2022-06-03 10:02:19 --> Class 'Teste' not found
#0 C:\wamp\www\ci4\system\CodeIgniter.php(832): App\Controllers\Home->index()
#1 C:\wamp\www\ci4\system\CodeIgniter.php(419): CodeIgniter\CodeIgniter->runController(Object(App\Controllers\Home))
#2 C:\wamp\www\ci4\system\CodeIgniter.php(326): CodeIgniter\CodeIgniter->handleRequest(NULL, Object(Config\Cache), false)
#3 C:\wamp\www\ci4\public\index.php(37): CodeIgniter\CodeIgniter->run()
#4 {main}
CRITICAL - 2022-06-03 10:02:52 --> syntax error, unexpected '$venda' (T_VARIABLE)
#0 C:\wamp\www\ci4\system\Autoloader\Autoloader.php(241): CodeIgniter\Autoloader\Autoloader->includeFile('C:\\wamp\\www\\ci4...')
#1 C:\wamp\www\ci4\system\Autoloader\Autoloader.php(219): CodeIgniter\Autoloader\Autoloader->loadInNamespace('App\\Controllers...')
#2 [internal function]: CodeIgniter\Autoloader\Autoloader->loadClass('App\\Controllers...')
#3 [internal function]: spl_autoload_call('App\\Controllers...')
#4 C:\wamp\www\ci4\system\CodeIgniter.php(797): class_exists('\\App\\Controller...', true)
#5 C:\wamp\www\ci4\system\CodeIgniter.php(406): CodeIgniter\CodeIgniter->startController()
#6 C:\wamp\www\ci4\system\CodeIgniter.php(326): CodeIgniter\CodeIgniter->handleRequest(NULL, Object(Config\Cache), false)
#7 C:\wamp\www\ci4\public\index.php(37): CodeIgniter\CodeIgniter->run()
#8 {main}
